INFO [2021-10-08 14:02:39] $x
INFO [2021-10-08 14:02:39] list(top_edgeR, top_DeSeq2, top_VoomLimma, top_EBSeq)
INFO [2021-10-08 14:02:39] 
INFO [2021-10-08 14:02:39] $category.names
INFO [2021-10-08 14:02:39] c("edgeR", "DeSeq2", "Voom+Limma", "EBSeq")
INFO [2021-10-08 14:02:39] 
INFO [2021-10-08 14:02:39] $height
INFO [2021-10-08 14:02:39] [1] 480
INFO [2021-10-08 14:02:39] 
INFO [2021-10-08 14:02:39] $width
INFO [2021-10-08 14:02:39] [1] 480
INFO [2021-10-08 14:02:39] 
INFO [2021-10-08 14:02:39] $lwd
INFO [2021-10-08 14:02:39] [1] 1
INFO [2021-10-08 14:02:39] 
INFO [2021-10-08 14:02:39] $fill
INFO [2021-10-08 14:02:39] myCol
INFO [2021-10-08 14:02:39] 
INFO [2021-10-08 14:02:39] $cex
INFO [2021-10-08 14:02:39] [1] 1.1
INFO [2021-10-08 14:02:39] 
INFO [2021-10-08 14:02:39] $fontface
INFO [2021-10-08 14:02:39] [1] "bold"
INFO [2021-10-08 14:02:39] 
INFO [2021-10-08 14:02:39] $fontfamily
INFO [2021-10-08 14:02:39] [1] "sans"
INFO [2021-10-08 14:02:39] 
INFO [2021-10-08 14:02:39] $cat.cex
INFO [2021-10-08 14:02:39] [1] 0.8
INFO [2021-10-08 14:02:39] 
INFO [2021-10-08 14:02:39] $cat.fontface
INFO [2021-10-08 14:02:39] [1] "bold"
INFO [2021-10-08 14:02:39] 
INFO [2021-10-08 14:02:39] $cat.default.pos
INFO [2021-10-08 14:02:39] [1] "outer"
INFO [2021-10-08 14:02:39] 
INFO [2021-10-08 14:02:39] $cat.fontfamily
INFO [2021-10-08 14:02:39] [1] "sans"
INFO [2021-10-08 14:02:39] 
INFO [2021-10-08 14:02:39] $filename
INFO [2021-10-08 14:02:39] NULL
INFO [2021-10-08 14:02:39] 
