INFO [2021-10-15 17:07:42] $x
INFO [2021-10-15 17:07:42] sig_vis
INFO [2021-10-15 17:07:42] 
INFO [2021-10-15 17:07:42] $category.names
INFO [2021-10-15 17:07:42] sig_names
INFO [2021-10-15 17:07:42] 
INFO [2021-10-15 17:07:42] $height
INFO [2021-10-15 17:07:42] [1] 480
INFO [2021-10-15 17:07:42] 
INFO [2021-10-15 17:07:42] $width
INFO [2021-10-15 17:07:42] [1] 480
INFO [2021-10-15 17:07:42] 
INFO [2021-10-15 17:07:42] $lwd
INFO [2021-10-15 17:07:42] [1] 1
INFO [2021-10-15 17:07:42] 
INFO [2021-10-15 17:07:42] $fill
INFO [2021-10-15 17:07:42] myCol
INFO [2021-10-15 17:07:42] 
INFO [2021-10-15 17:07:42] $cex
INFO [2021-10-15 17:07:42] [1] 1.1
INFO [2021-10-15 17:07:42] 
INFO [2021-10-15 17:07:42] $fontface
INFO [2021-10-15 17:07:42] [1] "bold"
INFO [2021-10-15 17:07:42] 
INFO [2021-10-15 17:07:42] $fontfamily
INFO [2021-10-15 17:07:42] [1] "sans"
INFO [2021-10-15 17:07:42] 
INFO [2021-10-15 17:07:42] $cat.cex
INFO [2021-10-15 17:07:42] [1] 0.8
INFO [2021-10-15 17:07:42] 
INFO [2021-10-15 17:07:42] $cat.fontface
INFO [2021-10-15 17:07:42] [1] "bold"
INFO [2021-10-15 17:07:42] 
INFO [2021-10-15 17:07:42] $cat.default.pos
INFO [2021-10-15 17:07:42] [1] "outer"
INFO [2021-10-15 17:07:42] 
INFO [2021-10-15 17:07:42] $cat.fontfamily
INFO [2021-10-15 17:07:42] [1] "sans"
INFO [2021-10-15 17:07:42] 
INFO [2021-10-15 17:07:42] $filename
INFO [2021-10-15 17:07:42] NULL
INFO [2021-10-15 17:07:42] 
