INFO [2021-10-08 14:02:40] $x
INFO [2021-10-08 14:02:40] list(top_edgeR, top_DeSeq2, top_VoomLimma, top_EBSeq)
INFO [2021-10-08 14:02:40] 
INFO [2021-10-08 14:02:40] $category.names
INFO [2021-10-08 14:02:40] c("edgeR", "DeSeq2", "Voom+Limma", "EBSeq")
INFO [2021-10-08 14:02:40] 
INFO [2021-10-08 14:02:40] $height
INFO [2021-10-08 14:02:40] [1] 480
INFO [2021-10-08 14:02:40] 
INFO [2021-10-08 14:02:40] $width
INFO [2021-10-08 14:02:40] [1] 480
INFO [2021-10-08 14:02:40] 
INFO [2021-10-08 14:02:40] $lwd
INFO [2021-10-08 14:02:40] [1] 1
INFO [2021-10-08 14:02:40] 
INFO [2021-10-08 14:02:40] $fill
INFO [2021-10-08 14:02:40] myCol
INFO [2021-10-08 14:02:40] 
INFO [2021-10-08 14:02:40] $cex
INFO [2021-10-08 14:02:40] [1] 1.1
INFO [2021-10-08 14:02:40] 
INFO [2021-10-08 14:02:40] $fontface
INFO [2021-10-08 14:02:40] [1] "bold"
INFO [2021-10-08 14:02:40] 
INFO [2021-10-08 14:02:40] $fontfamily
INFO [2021-10-08 14:02:40] [1] "sans"
INFO [2021-10-08 14:02:40] 
INFO [2021-10-08 14:02:40] $cat.cex
INFO [2021-10-08 14:02:40] [1] 0.8
INFO [2021-10-08 14:02:40] 
INFO [2021-10-08 14:02:40] $cat.fontface
INFO [2021-10-08 14:02:40] [1] "bold"
INFO [2021-10-08 14:02:40] 
INFO [2021-10-08 14:02:40] $cat.default.pos
INFO [2021-10-08 14:02:40] [1] "outer"
INFO [2021-10-08 14:02:40] 
INFO [2021-10-08 14:02:40] $cat.fontfamily
INFO [2021-10-08 14:02:40] [1] "sans"
INFO [2021-10-08 14:02:40] 
INFO [2021-10-08 14:02:40] $filename
INFO [2021-10-08 14:02:40] NULL
INFO [2021-10-08 14:02:40] 
