INFO [2021-10-15 15:19:08] $x
INFO [2021-10-15 15:19:08] sig_vis
INFO [2021-10-15 15:19:08] 
INFO [2021-10-15 15:19:08] $category.names
INFO [2021-10-15 15:19:08] sig_names
INFO [2021-10-15 15:19:08] 
INFO [2021-10-15 15:19:08] $height
INFO [2021-10-15 15:19:08] [1] 480
INFO [2021-10-15 15:19:08] 
INFO [2021-10-15 15:19:08] $width
INFO [2021-10-15 15:19:08] [1] 480
INFO [2021-10-15 15:19:08] 
INFO [2021-10-15 15:19:08] $lwd
INFO [2021-10-15 15:19:08] [1] 1
INFO [2021-10-15 15:19:08] 
INFO [2021-10-15 15:19:08] $fill
INFO [2021-10-15 15:19:08] myCol
INFO [2021-10-15 15:19:08] 
INFO [2021-10-15 15:19:08] $cex
INFO [2021-10-15 15:19:08] [1] 1.1
INFO [2021-10-15 15:19:08] 
INFO [2021-10-15 15:19:08] $fontface
INFO [2021-10-15 15:19:08] [1] "bold"
INFO [2021-10-15 15:19:08] 
INFO [2021-10-15 15:19:08] $fontfamily
INFO [2021-10-15 15:19:08] [1] "sans"
INFO [2021-10-15 15:19:08] 
INFO [2021-10-15 15:19:08] $cat.cex
INFO [2021-10-15 15:19:08] [1] 0.8
INFO [2021-10-15 15:19:08] 
INFO [2021-10-15 15:19:08] $cat.fontface
INFO [2021-10-15 15:19:08] [1] "bold"
INFO [2021-10-15 15:19:08] 
INFO [2021-10-15 15:19:08] $cat.default.pos
INFO [2021-10-15 15:19:08] [1] "outer"
INFO [2021-10-15 15:19:08] 
INFO [2021-10-15 15:19:08] $cat.fontfamily
INFO [2021-10-15 15:19:08] [1] "sans"
INFO [2021-10-15 15:19:08] 
INFO [2021-10-15 15:19:08] $filename
INFO [2021-10-15 15:19:08] NULL
INFO [2021-10-15 15:19:08] 
